<?xml version="1.0" encoding="UTF-8"?>
<testsuite xmlns:xsi="http://www.w3.org/2001/XMLSchema-instance" xsi:noNamespaceSchemaLocation="https://maven.apache.org/surefire/maven-surefire-plugin/xsd/surefire-test-report.xsd" name="io.swagger.test.TestAuthorsApiController" time="4.93" tests="5" errors="0" skipped="0" failures="0">
  <properties>
    <property name="java.specification.version" value="14"/>
    <property name="sun.cpu.isalist" value="amd64"/>
    <property name="sun.jnu.encoding" value="Cp1250"/>
    <property name="java.class.path" value="C:\Users\garga\OneDrive\Dokumentumok\BME\BmE-5.felev\Témalab\02\BooksAndAuthors_gardagabor\target\test-classes;C:\Users\garga\OneDrive\Dokumentumok\BME\BmE-5.felev\Témalab\02\BooksAndAuthors_gardagabor\target\classes;C:\Users\garga\.m2\repository\org\springframework\boot\spring-boot-starter-web\2.1.16.RELEASE\spring-boot-starter-web-2.1.16.RELEASE.jar;C:\Users\garga\.m2\repository\org\springframework\boot\spring-boot-starter\2.1.16.RELEASE\spring-boot-starter-2.1.16.RELEASE.jar;C:\Users\garga\.m2\repository\org\springframework\boot\spring-boot-starter-logging\2.1.16.RELEASE\spring-boot-starter-logging-2.1.16.RELEASE.jar;C:\Users\garga\.m2\repository\ch\qos\logback\logback-classic\1.2.3\logback-classic-1.2.3.jar;C:\Users\garga\.m2\repository\ch\qos\logback\logback-core\1.2.3\logback-core-1.2.3.jar;C:\Users\garga\.m2\repository\org\apache\logging\log4j\log4j-to-slf4j\2.11.2\log4j-to-slf4j-2.11.2.jar;C:\Users\garga\.m2\repository\org\apache\logging\log4j\log4j-api\2.11.2\log4j-api-2.11.2.jar;C:\Users\garga\.m2\repository\org\slf4j\jul-to-slf4j\1.7.30\jul-to-slf4j-1.7.30.jar;C:\Users\garga\.m2\repository\org\yaml\snakeyaml\1.23\snakeyaml-1.23.jar;C:\Users\garga\.m2\repository\org\springframework\boot\spring-boot-starter-json\2.1.16.RELEASE\spring-boot-starter-json-2.1.16.RELEASE.jar;C:\Users\garga\.m2\repository\com\fasterxml\jackson\datatype\jackson-datatype-jdk8\2.9.10\jackson-datatype-jdk8-2.9.10.jar;C:\Users\garga\.m2\repository\com\fasterxml\jackson\datatype\jackson-datatype-jsr310\2.9.10\jackson-datatype-jsr310-2.9.10.jar;C:\Users\garga\.m2\repository\com\fasterxml\jackson\module\jackson-module-parameter-names\2.9.10\jackson-module-parameter-names-2.9.10.jar;C:\Users\garga\.m2\repository\org\hibernate\validator\hibernate-validator\6.0.20.Final\hibernate-validator-6.0.20.Final.jar;C:\Users\garga\.m2\repository\org\jboss\logging\jboss-logging\3.3.3.Final\jboss-logging-3.3.3.Final.jar;C:\Users\garga\.m2\repository\org\springframework\spring-web\5.1.17.RELEASE\spring-web-5.1.17.RELEASE.jar;C:\Users\garga\.m2\repository\org\springframework\spring-webmvc\5.1.17.RELEASE\spring-webmvc-5.1.17.RELEASE.jar;C:\Users\garga\.m2\repository\org\springframework\spring-expression\5.1.17.RELEASE\spring-expression-5.1.17.RELEASE.jar;C:\Users\garga\.m2\repository\org\springframework\boot\spring-boot-starter-tomcat\2.1.16.RELEASE\spring-boot-starter-tomcat-2.1.16.RELEASE.jar;C:\Users\garga\.m2\repository\javax\annotation\javax.annotation-api\1.3.2\javax.annotation-api-1.3.2.jar;C:\Users\garga\.m2\repository\org\apache\tomcat\embed\tomcat-embed-core\9.0.37\tomcat-embed-core-9.0.37.jar;C:\Users\garga\.m2\repository\org\apache\tomcat\embed\tomcat-embed-el\9.0.37\tomcat-embed-el-9.0.37.jar;C:\Users\garga\.m2\repository\org\apache\tomcat\embed\tomcat-embed-websocket\9.0.37\tomcat-embed-websocket-9.0.37.jar;C:\Users\garga\.m2\repository\javax\xml\bind\jaxb-api\2.3.1\jaxb-api-2.3.1.jar;C:\Users\garga\.m2\repository\javax\activation\javax.activation-api\1.2.0\javax.activation-api-1.2.0.jar;C:\Users\garga\.m2\repository\io\springfox\springfox-oas\3.0.0\springfox-oas-3.0.0.jar;C:\Users\garga\.m2\repository\io\swagger\core\v3\swagger-annotations\2.1.2\swagger-annotations-2.1.2.jar;C:\Users\garga\.m2\repository\io\swagger\core\v3\swagger-models\2.1.2\swagger-models-2.1.2.jar;C:\Users\garga\.m2\repository\com\fasterxml\jackson\core\jackson-annotations\2.9.10\jackson-annotations-2.9.10.jar;C:\Users\garga\.m2\repository\io\springfox\springfox-spi\3.0.0\springfox-spi-3.0.0.jar;C:\Users\garga\.m2\repository\io\springfox\springfox-schema\3.0.0\springfox-schema-3.0.0.jar;C:\Users\garga\.m2\repository\io\springfox\springfox-core\3.0.0\springfox-core-3.0.0.jar;C:\Users\garga\.m2\repository\net\bytebuddy\byte-buddy\1.9.16\byte-buddy-1.9.16.jar;C:\Users\garga\.m2\repository\io\springfox\springfox-spring-web\3.0.0\springfox-spring-web-3.0.0.jar;C:\Users\garga\.m2\repository\io\github\classgraph\classgraph\4.8.83\classgraph-4.8.83.jar;C:\Users\garga\.m2\repository\io\springfox\springfox-spring-webmvc\3.0.0\springfox-spring-webmvc-3.0.0.jar;C:\Users\garga\.m2\repository\io\springfox\springfox-spring-webflux\3.0.0\springfox-spring-webflux-3.0.0.jar;C:\Users\garga\.m2\repository\io\springfox\springfox-swagger-common\3.0.0\springfox-swagger-common-3.0.0.jar;C:\Users\garga\.m2\repository\io\swagger\swagger-annotations\1.5.20\swagger-annotations-1.5.20.jar;C:\Users\garga\.m2\repository\io\swagger\swagger-models\1.5.20\swagger-models-1.5.20.jar;C:\Users\garga\.m2\repository\com\fasterxml\classmate\1.4.0\classmate-1.4.0.jar;C:\Users\garga\.m2\repository\org\slf4j\slf4j-api\1.7.30\slf4j-api-1.7.30.jar;C:\Users\garga\.m2\repository\org\springframework\plugin\spring-plugin-metadata\1.2.0.RELEASE\spring-plugin-metadata-1.2.0.RELEASE.jar;C:\Users\garga\.m2\repository\org\mapstruct\mapstruct\1.3.1.Final\mapstruct-1.3.1.Final.jar;C:\Users\garga\.m2\repository\io\springfox\springfox-swagger-ui\3.0.0\springfox-swagger-ui-3.0.0.jar;C:\Users\garga\.m2\repository\com\github\joschi\jackson\jackson-datatype-threetenbp\2.6.4\jackson-datatype-threetenbp-2.6.4.jar;C:\Users\garga\.m2\repository\org\threeten\threetenbp\1.3.1\threetenbp-1.3.1.jar;C:\Users\garga\.m2\repository\com\fasterxml\jackson\core\jackson-core\2.9.10\jackson-core-2.9.10.jar;C:\Users\garga\.m2\repository\com\fasterxml\jackson\core\jackson-databind\2.9.10.5\jackson-databind-2.9.10.5.jar;C:\Users\garga\.m2\repository\org\springframework\data\spring-data-jpa\2.5.5\spring-data-jpa-2.5.5.jar;C:\Users\garga\.m2\repository\org\springframework\data\spring-data-commons\2.1.19.RELEASE\spring-data-commons-2.1.19.RELEASE.jar;C:\Users\garga\.m2\repository\org\springframework\spring-orm\5.1.17.RELEASE\spring-orm-5.1.17.RELEASE.jar;C:\Users\garga\.m2\repository\org\springframework\spring-jdbc\5.1.17.RELEASE\spring-jdbc-5.1.17.RELEASE.jar;C:\Users\garga\.m2\repository\org\springframework\spring-context\5.1.17.RELEASE\spring-context-5.1.17.RELEASE.jar;C:\Users\garga\.m2\repository\org\springframework\spring-aop\5.1.17.RELEASE\spring-aop-5.1.17.RELEASE.jar;C:\Users\garga\.m2\repository\org\springframework\spring-tx\5.1.17.RELEASE\spring-tx-5.1.17.RELEASE.jar;C:\Users\garga\.m2\repository\org\springframework\spring-beans\5.1.17.RELEASE\spring-beans-5.1.17.RELEASE.jar;C:\Users\garga\.m2\repository\org\springframework\spring-core\5.1.17.RELEASE\spring-core-5.1.17.RELEASE.jar;C:\Users\garga\.m2\repository\org\springframework\spring-jcl\5.1.17.RELEASE\spring-jcl-5.1.17.RELEASE.jar;C:\Users\garga\.m2\repository\org\aspectj\aspectjrt\1.9.6\aspectjrt-1.9.6.jar;C:\Users\garga\.m2\repository\junit\junit\4.13.2\junit-4.13.2.jar;C:\Users\garga\.m2\repository\org\hamcrest\hamcrest-core\1.3\hamcrest-core-1.3.jar;C:\Users\garga\.m2\repository\javax\validation\validation-api\2.0.1.Final\validation-api-2.0.1.Final.jar;C:\Users\garga\.m2\repository\org\springframework\plugin\spring-plugin-core\2.0.0.RELEASE\spring-plugin-core-2.0.0.RELEASE.jar;C:\Users\garga\.m2\repository\org\springframework\boot\spring-boot-starter-test\2.1.16.RELEASE\spring-boot-starter-test-2.1.16.RELEASE.jar;C:\Users\garga\.m2\repository\com\jayway\jsonpath\json-path\2.4.0\json-path-2.4.0.jar;C:\Users\garga\.m2\repository\net\minidev\json-smart\2.3\json-smart-2.3.jar;C:\Users\garga\.m2\repository\net\minidev\accessors-smart\1.2\accessors-smart-1.2.jar;C:\Users\garga\.m2\repository\org\ow2\asm\asm\5.0.4\asm-5.0.4.jar;C:\Users\garga\.m2\repository\org\mockito\mockito-core\2.23.4\mockito-core-2.23.4.jar;C:\Users\garga\.m2\repository\net\bytebuddy\byte-buddy-agent\1.9.16\byte-buddy-agent-1.9.16.jar;C:\Users\garga\.m2\repository\org\objenesis\objenesis\2.6\objenesis-2.6.jar;C:\Users\garga\.m2\repository\org\hamcrest\hamcrest-library\1.3\hamcrest-library-1.3.jar;C:\Users\garga\.m2\repository\org\skyscreamer\jsonassert\1.5.0\jsonassert-1.5.0.jar;C:\Users\garga\.m2\repository\com\vaadin\external\google\android-json\0.0.20131108.vaadin1\android-json-0.0.20131108.vaadin1.jar;C:\Users\garga\.m2\repository\org\xmlunit\xmlunit-core\2.6.4\xmlunit-core-2.6.4.jar;C:\Users\garga\.m2\repository\org\junit\jupiter\junit-jupiter\5.8.1\junit-jupiter-5.8.1.jar;C:\Users\garga\.m2\repository\org\junit\jupiter\junit-jupiter-api\5.3.2\junit-jupiter-api-5.3.2.jar;C:\Users\garga\.m2\repository\org\apiguardian\apiguardian-api\1.0.0\apiguardian-api-1.0.0.jar;C:\Users\garga\.m2\repository\org\opentest4j\opentest4j\1.1.1\opentest4j-1.1.1.jar;C:\Users\garga\.m2\repository\org\junit\platform\junit-platform-commons\1.3.2\junit-platform-commons-1.3.2.jar;C:\Users\garga\.m2\repository\org\junit\jupiter\junit-jupiter-params\5.3.2\junit-jupiter-params-5.3.2.jar;C:\Users\garga\.m2\repository\org\junit\jupiter\junit-jupiter-engine\5.3.2\junit-jupiter-engine-5.3.2.jar;C:\Users\garga\.m2\repository\org\junit\platform\junit-platform-engine\1.3.2\junit-platform-engine-1.3.2.jar;C:\Users\garga\.m2\repository\org\springframework\boot\spring-boot-test\2.1.16.RELEASE\spring-boot-test-2.1.16.RELEASE.jar;C:\Users\garga\.m2\repository\org\springframework\boot\spring-boot\2.1.16.RELEASE\spring-boot-2.1.16.RELEASE.jar;C:\Users\garga\.m2\repository\org\assertj\assertj-core\3.11.1\assertj-core-3.11.1.jar;C:\Users\garga\.m2\repository\org\springframework\spring-test\5.1.17.RELEASE\spring-test-5.1.17.RELEASE.jar;C:\Users\garga\.m2\repository\org\springframework\boot\spring-boot-test-autoconfigure\2.1.16.RELEASE\spring-boot-test-autoconfigure-2.1.16.RELEASE.jar;C:\Users\garga\.m2\repository\org\springframework\boot\spring-boot-autoconfigure\2.1.16.RELEASE\spring-boot-autoconfigure-2.1.16.RELEASE.jar;"/>
    <property name="java.vm.vendor" value="Oracle Corporation"/>
    <property name="sun.arch.data.model" value="64"/>
    <property name="user.variant" value=""/>
    <property name="java.vendor.url" value="https://java.oracle.com/"/>
    <property name="user.timezone" value="Europe/Budapest"/>
    <property name="os.name" value="Windows 10"/>
    <property name="java.vm.specification.version" value="14"/>
    <property name="sun.java.launcher" value="SUN_STANDARD"/>
    <property name="user.country" value="HU"/>
    <property name="sun.boot.library.path" value="C:\Program Files\Java\jdk-14.0.2\bin"/>
    <property name="sun.java.command" value="C:\Users\garga\AppData\Local\Temp\surefire1858675626365124243\surefirebooter9981620675758189402.jar C:\Users\garga\AppData\Local\Temp\surefire1858675626365124243 2021-10-14T10-47-55_836-jvmRun1 surefire12054192494697155743tmp surefire_05716487420035783298tmp"/>
    <property name="jdk.debug" value="release"/>
    <property name="surefire.test.class.path" value="C:\Users\garga\OneDrive\Dokumentumok\BME\BmE-5.felev\Témalab\02\BooksAndAuthors_gardagabor\target\test-classes;C:\Users\garga\OneDrive\Dokumentumok\BME\BmE-5.felev\Témalab\02\BooksAndAuthors_gardagabor\target\classes;C:\Users\garga\.m2\repository\org\springframework\boot\spring-boot-starter-web\2.1.16.RELEASE\spring-boot-starter-web-2.1.16.RELEASE.jar;C:\Users\garga\.m2\repository\org\springframework\boot\spring-boot-starter\2.1.16.RELEASE\spring-boot-starter-2.1.16.RELEASE.jar;C:\Users\garga\.m2\repository\org\springframework\boot\spring-boot-starter-logging\2.1.16.RELEASE\spring-boot-starter-logging-2.1.16.RELEASE.jar;C:\Users\garga\.m2\repository\ch\qos\logback\logback-classic\1.2.3\logback-classic-1.2.3.jar;C:\Users\garga\.m2\repository\ch\qos\logback\logback-core\1.2.3\logback-core-1.2.3.jar;C:\Users\garga\.m2\repository\org\apache\logging\log4j\log4j-to-slf4j\2.11.2\log4j-to-slf4j-2.11.2.jar;C:\Users\garga\.m2\repository\org\apache\logging\log4j\log4j-api\2.11.2\log4j-api-2.11.2.jar;C:\Users\garga\.m2\repository\org\slf4j\jul-to-slf4j\1.7.30\jul-to-slf4j-1.7.30.jar;C:\Users\garga\.m2\repository\org\yaml\snakeyaml\1.23\snakeyaml-1.23.jar;C:\Users\garga\.m2\repository\org\springframework\boot\spring-boot-starter-json\2.1.16.RELEASE\spring-boot-starter-json-2.1.16.RELEASE.jar;C:\Users\garga\.m2\repository\com\fasterxml\jackson\datatype\jackson-datatype-jdk8\2.9.10\jackson-datatype-jdk8-2.9.10.jar;C:\Users\garga\.m2\repository\com\fasterxml\jackson\datatype\jackson-datatype-jsr310\2.9.10\jackson-datatype-jsr310-2.9.10.jar;C:\Users\garga\.m2\repository\com\fasterxml\jackson\module\jackson-module-parameter-names\2.9.10\jackson-module-parameter-names-2.9.10.jar;C:\Users\garga\.m2\repository\org\hibernate\validator\hibernate-validator\6.0.20.Final\hibernate-validator-6.0.20.Final.jar;C:\Users\garga\.m2\repository\org\jboss\logging\jboss-logging\3.3.3.Final\jboss-logging-3.3.3.Final.jar;C:\Users\garga\.m2\repository\org\springframework\spring-web\5.1.17.RELEASE\spring-web-5.1.17.RELEASE.jar;C:\Users\garga\.m2\repository\org\springframework\spring-webmvc\5.1.17.RELEASE\spring-webmvc-5.1.17.RELEASE.jar;C:\Users\garga\.m2\repository\org\springframework\spring-expression\5.1.17.RELEASE\spring-expression-5.1.17.RELEASE.jar;C:\Users\garga\.m2\repository\org\springframework\boot\spring-boot-starter-tomcat\2.1.16.RELEASE\spring-boot-starter-tomcat-2.1.16.RELEASE.jar;C:\Users\garga\.m2\repository\javax\annotation\javax.annotation-api\1.3.2\javax.annotation-api-1.3.2.jar;C:\Users\garga\.m2\repository\org\apache\tomcat\embed\tomcat-embed-core\9.0.37\tomcat-embed-core-9.0.37.jar;C:\Users\garga\.m2\repository\org\apache\tomcat\embed\tomcat-embed-el\9.0.37\tomcat-embed-el-9.0.37.jar;C:\Users\garga\.m2\repository\org\apache\tomcat\embed\tomcat-embed-websocket\9.0.37\tomcat-embed-websocket-9.0.37.jar;C:\Users\garga\.m2\repository\javax\xml\bind\jaxb-api\2.3.1\jaxb-api-2.3.1.jar;C:\Users\garga\.m2\repository\javax\activation\javax.activation-api\1.2.0\javax.activation-api-1.2.0.jar;C:\Users\garga\.m2\repository\io\springfox\springfox-oas\3.0.0\springfox-oas-3.0.0.jar;C:\Users\garga\.m2\repository\io\swagger\core\v3\swagger-annotations\2.1.2\swagger-annotations-2.1.2.jar;C:\Users\garga\.m2\repository\io\swagger\core\v3\swagger-models\2.1.2\swagger-models-2.1.2.jar;C:\Users\garga\.m2\repository\com\fasterxml\jackson\core\jackson-annotations\2.9.10\jackson-annotations-2.9.10.jar;C:\Users\garga\.m2\repository\io\springfox\springfox-spi\3.0.0\springfox-spi-3.0.0.jar;C:\Users\garga\.m2\repository\io\springfox\springfox-schema\3.0.0\springfox-schema-3.0.0.jar;C:\Users\garga\.m2\repository\io\springfox\springfox-core\3.0.0\springfox-core-3.0.0.jar;C:\Users\garga\.m2\repository\net\bytebuddy\byte-buddy\1.9.16\byte-buddy-1.9.16.jar;C:\Users\garga\.m2\repository\io\springfox\springfox-spring-web\3.0.0\springfox-spring-web-3.0.0.jar;C:\Users\garga\.m2\repository\io\github\classgraph\classgraph\4.8.83\classgraph-4.8.83.jar;C:\Users\garga\.m2\repository\io\springfox\springfox-spring-webmvc\3.0.0\springfox-spring-webmvc-3.0.0.jar;C:\Users\garga\.m2\repository\io\springfox\springfox-spring-webflux\3.0.0\springfox-spring-webflux-3.0.0.jar;C:\Users\garga\.m2\repository\io\springfox\springfox-swagger-common\3.0.0\springfox-swagger-common-3.0.0.jar;C:\Users\garga\.m2\repository\io\swagger\swagger-annotations\1.5.20\swagger-annotations-1.5.20.jar;C:\Users\garga\.m2\repository\io\swagger\swagger-models\1.5.20\swagger-models-1.5.20.jar;C:\Users\garga\.m2\repository\com\fasterxml\classmate\1.4.0\classmate-1.4.0.jar;C:\Users\garga\.m2\repository\org\slf4j\slf4j-api\1.7.30\slf4j-api-1.7.30.jar;C:\Users\garga\.m2\repository\org\springframework\plugin\spring-plugin-metadata\1.2.0.RELEASE\spring-plugin-metadata-1.2.0.RELEASE.jar;C:\Users\garga\.m2\repository\org\mapstruct\mapstruct\1.3.1.Final\mapstruct-1.3.1.Final.jar;C:\Users\garga\.m2\repository\io\springfox\springfox-swagger-ui\3.0.0\springfox-swagger-ui-3.0.0.jar;C:\Users\garga\.m2\repository\com\github\joschi\jackson\jackson-datatype-threetenbp\2.6.4\jackson-datatype-threetenbp-2.6.4.jar;C:\Users\garga\.m2\repository\org\threeten\threetenbp\1.3.1\threetenbp-1.3.1.jar;C:\Users\garga\.m2\repository\com\fasterxml\jackson\core\jackson-core\2.9.10\jackson-core-2.9.10.jar;C:\Users\garga\.m2\repository\com\fasterxml\jackson\core\jackson-databind\2.9.10.5\jackson-databind-2.9.10.5.jar;C:\Users\garga\.m2\repository\org\springframework\data\spring-data-jpa\2.5.5\spring-data-jpa-2.5.5.jar;C:\Users\garga\.m2\repository\org\springframework\data\spring-data-commons\2.1.19.RELEASE\spring-data-commons-2.1.19.RELEASE.jar;C:\Users\garga\.m2\repository\org\springframework\spring-orm\5.1.17.RELEASE\spring-orm-5.1.17.RELEASE.jar;C:\Users\garga\.m2\repository\org\springframework\spring-jdbc\5.1.17.RELEASE\spring-jdbc-5.1.17.RELEASE.jar;C:\Users\garga\.m2\repository\org\springframework\spring-context\5.1.17.RELEASE\spring-context-5.1.17.RELEASE.jar;C:\Users\garga\.m2\repository\org\springframework\spring-aop\5.1.17.RELEASE\spring-aop-5.1.17.RELEASE.jar;C:\Users\garga\.m2\repository\org\springframework\spring-tx\5.1.17.RELEASE\spring-tx-5.1.17.RELEASE.jar;C:\Users\garga\.m2\repository\org\springframework\spring-beans\5.1.17.RELEASE\spring-beans-5.1.17.RELEASE.jar;C:\Users\garga\.m2\repository\org\springframework\spring-core\5.1.17.RELEASE\spring-core-5.1.17.RELEASE.jar;C:\Users\garga\.m2\repository\org\springframework\spring-jcl\5.1.17.RELEASE\spring-jcl-5.1.17.RELEASE.jar;C:\Users\garga\.m2\repository\org\aspectj\aspectjrt\1.9.6\aspectjrt-1.9.6.jar;C:\Users\garga\.m2\repository\junit\junit\4.13.2\junit-4.13.2.jar;C:\Users\garga\.m2\repository\org\hamcrest\hamcrest-core\1.3\hamcrest-core-1.3.jar;C:\Users\garga\.m2\repository\javax\validation\validation-api\2.0.1.Final\validation-api-2.0.1.Final.jar;C:\Users\garga\.m2\repository\org\springframework\plugin\spring-plugin-core\2.0.0.RELEASE\spring-plugin-core-2.0.0.RELEASE.jar;C:\Users\garga\.m2\repository\org\springframework\boot\spring-boot-starter-test\2.1.16.RELEASE\spring-boot-starter-test-2.1.16.RELEASE.jar;C:\Users\garga\.m2\repository\com\jayway\jsonpath\json-path\2.4.0\json-path-2.4.0.jar;C:\Users\garga\.m2\repository\net\minidev\json-smart\2.3\json-smart-2.3.jar;C:\Users\garga\.m2\repository\net\minidev\accessors-smart\1.2\accessors-smart-1.2.jar;C:\Users\garga\.m2\repository\org\ow2\asm\asm\5.0.4\asm-5.0.4.jar;C:\Users\garga\.m2\repository\org\mockito\mockito-core\2.23.4\mockito-core-2.23.4.jar;C:\Users\garga\.m2\repository\net\bytebuddy\byte-buddy-agent\1.9.16\byte-buddy-agent-1.9.16.jar;C:\Users\garga\.m2\repository\org\objenesis\objenesis\2.6\objenesis-2.6.jar;C:\Users\garga\.m2\repository\org\hamcrest\hamcrest-library\1.3\hamcrest-library-1.3.jar;C:\Users\garga\.m2\repository\org\skyscreamer\jsonassert\1.5.0\jsonassert-1.5.0.jar;C:\Users\garga\.m2\repository\com\vaadin\external\google\android-json\0.0.20131108.vaadin1\android-json-0.0.20131108.vaadin1.jar;C:\Users\garga\.m2\repository\org\xmlunit\xmlunit-core\2.6.4\xmlunit-core-2.6.4.jar;C:\Users\garga\.m2\repository\org\junit\jupiter\junit-jupiter\5.8.1\junit-jupiter-5.8.1.jar;C:\Users\garga\.m2\repository\org\junit\jupiter\junit-jupiter-api\5.3.2\junit-jupiter-api-5.3.2.jar;C:\Users\garga\.m2\repository\org\apiguardian\apiguardian-api\1.0.0\apiguardian-api-1.0.0.jar;C:\Users\garga\.m2\repository\org\opentest4j\opentest4j\1.1.1\opentest4j-1.1.1.jar;C:\Users\garga\.m2\repository\org\junit\platform\junit-platform-commons\1.3.2\junit-platform-commons-1.3.2.jar;C:\Users\garga\.m2\repository\org\junit\jupiter\junit-jupiter-params\5.3.2\junit-jupiter-params-5.3.2.jar;C:\Users\garga\.m2\repository\org\junit\jupiter\junit-jupiter-engine\5.3.2\junit-jupiter-engine-5.3.2.jar;C:\Users\garga\.m2\repository\org\junit\platform\junit-platform-engine\1.3.2\junit-platform-engine-1.3.2.jar;C:\Users\garga\.m2\repository\org\springframework\boot\spring-boot-test\2.1.16.RELEASE\spring-boot-test-2.1.16.RELEASE.jar;C:\Users\garga\.m2\repository\org\springframework\boot\spring-boot\2.1.16.RELEASE\spring-boot-2.1.16.RELEASE.jar;C:\Users\garga\.m2\repository\org\assertj\assertj-core\3.11.1\assertj-core-3.11.1.jar;C:\Users\garga\.m2\repository\org\springframework\spring-test\5.1.17.RELEASE\spring-test-5.1.17.RELEASE.jar;C:\Users\garga\.m2\repository\org\springframework\boot\spring-boot-test-autoconfigure\2.1.16.RELEASE\spring-boot-test-autoconfigure-2.1.16.RELEASE.jar;C:\Users\garga\.m2\repository\org\springframework\boot\spring-boot-autoconfigure\2.1.16.RELEASE\spring-boot-autoconfigure-2.1.16.RELEASE.jar;"/>
    <property name="sun.cpu.endian" value="little"/>
    <property name="user.home" value="C:\Users\garga"/>
    <property name="user.language" value="hu"/>
    <property name="java.specification.vendor" value="Oracle Corporation"/>
    <property name="java.version.date" value="2020-07-14"/>
    <property name="java.home" value="C:\Program Files\Java\jdk-14.0.2"/>
    <property name="file.separator" value="\"/>
    <property name="basedir" value="C:\Users\garga\OneDrive\Dokumentumok\BME\BmE-5.felev\Témalab\02\BooksAndAuthors_gardagabor"/>
    <property name="java.vm.compressedOopsMode" value="Zero based"/>
    <property name="line.separator" value="&#10;"/>
    <property name="java.vm.specification.vendor" value="Oracle Corporation"/>
    <property name="java.specification.name" value="Java Platform API Specification"/>
    <property name="surefire.real.class.path" value="C:\Users\garga\AppData\Local\Temp\surefire1858675626365124243\surefirebooter9981620675758189402.jar"/>
    <property name="user.script" value=""/>
    <property name="sun.management.compiler" value="HotSpot 64-Bit Tiered Compilers"/>
    <property name="java.runtime.version" value="14.0.2+12-46"/>
    <property name="user.name" value="garga"/>
    <property name="path.separator" value=";"/>
    <property name="os.version" value="10.0"/>
    <property name="java.runtime.name" value="Java(TM) SE Runtime Environment"/>
    <property name="file.encoding" value="Cp1250"/>
    <property name="java.vm.name" value="Java HotSpot(TM) 64-Bit Server VM"/>
    <property name="localRepository" value="C:\Users\garga\.m2\repository"/>
    <property name="java.vendor.url.bug" value="https://bugreport.java.com/bugreport/"/>
    <property name="java.io.tmpdir" value="C:\Users\garga\AppData\Local\Temp\"/>
    <property name="java.version" value="14.0.2"/>
    <property name="user.dir" value="C:\Users\garga\OneDrive\Dokumentumok\BME\BmE-5.felev\Témalab\02\BooksAndAuthors_gardagabor"/>
    <property name="os.arch" value="amd64"/>
    <property name="java.vm.specification.name" value="Java Virtual Machine Specification"/>
    <property name="sun.os.patch.level" value=""/>
    <property name="java.library.path" value="C:\Program Files\Java\jdk-14.0.2\bin;C:\WINDOWS\Sun\Java\bin;C:\WINDOWS\system32;C:\WINDOWS;C:\Program Files (x86)\VMware\VMware Player\bin\;C:\WINDOWS\system32;C:\WINDOWS;C:\WINDOWS\System32\Wbem;C:\WINDOWS\System32\WindowsPowerShell\v1.0\;C:\WINDOWS\System32\OpenSSH\;C:\Program Files\Intel\WiFi\bin\;C:\Program Files\Common Files\Intel\WirelessCommon\;C:\Program Files\Git\cmd;C:\Users\garga\AppData\Local\Microsoft\WindowsApps;C:\Users\garga\AppData\Local\CIRCLE;C:\Program Files\Java\jdk-14.0.2\bin;C:\WINDOWS\system32;C:\WINDOWS;C:\WINDOWS\System32\Wbem;C:\WINDOWS\System32\WindowsPowerShell\v1.0\;C:\WINDOWS\System32\OpenSSH\;C:\Program Files\PuTTY\;C:\Program Files\Microsoft SQL Server\130\Tools\Binn\;C:\Program Files\nodejs\;C:\Program Files\dotnet\;C:\Program Files (x86)\Windows Kits\10\Windows Performance Toolkit\;C:\Gradle\gradle-6.9.1\bin;C:\Program Files\Docker\Docker\resources\bin;C:\ProgramData\DockerDesktop\version-bin;C:\Program Files (x86)\Microsoft SQL Server\150\DTS\Binn\;C:\Program Files\Azure Data Studio\bin;C:\Program Files\Microsoft SQL Server\Client SDK\ODBC\170\Tools\Binn\;C:\Program Files (x86)\Microsoft SQL Server\150\Tools\Binn\;C:\Program Files\Microsoft SQL Server\150\Tools\Binn\;C:\Program Files\Microsoft SQL Server\150\DTS\Binn\;C:\Program Files\apache-maven-3.8.2\bin;C:\Users\garga\AppData\Local\Programs\Python\Python39;C:\Users\garga\AppData\Local\Programs\Python\Python39\Scripts;C:\Users\garga\AppData\Local\Microsoft\WindowsApps;C:\Program Files\JetBrains\IntelliJ IDEA Community Edition 2020.2.2\bin;C:\php;C:\Users\garga\AppData\Local\atom\bin;C:\Program Files\JetBrains\IntelliJ IDEA 2020.3\bin;;C:\Users\garga\AppData\Local\Microsoft\WindowsApps;C:\Users\garga\AppData\Roaming\npm;C:\Program Files\nodejs;C:\Program Files\heroku\bin;C:\Users\garga\.dotnet\tools;C:\Users\garga\AppData\Local\Programs\Microsoft VS Code\bin;C:\Program Files (x86)\CodeBlocks\MinGW\bin;C:\Program Files\Azure Data Studio\bin;C:\Program Files\JetBrains\PyCharm 2021.2.2\bin;;C:\Users\garga\AppData\Local\Programs\Python\Python39;;."/>
    <property name="java.vm.info" value="mixed mode, sharing"/>
    <property name="java.vendor" value="Oracle Corporation"/>
    <property name="java.vm.version" value="14.0.2+12-46"/>
    <property name="sun.io.unicode.encoding" value="UnicodeLittle"/>
    <property name="java.class.version" value="58.0"/>
  </properties>
  <testcase name="getAuthorById" classname="io.swagger.test.TestAuthorsApiController" time="0.597"/>
  <testcase name="modifyAuthor" classname="io.swagger.test.TestAuthorsApiController" time="0.057"/>
  <testcase name="getAllAuthors" classname="io.swagger.test.TestAuthorsApiController" time="0.032"/>
  <testcase name="createAuthor" classname="io.swagger.test.TestAuthorsApiController" time="0.015"/>
  <testcase name="addBookToAuthor" classname="io.swagger.test.TestAuthorsApiController" time="0.038"/>
</testsuite>